Build started 3/27/2018 12:03:18 PM.
     1>Project "C:\Users\Freya\Desktop\cpts121\Lab10\Lab10\Lab10.vcxproj" on node 2 (Build target(s)).
     1>ClCompile:
         C:\Program Files (x86)\Microsoft Visual Studio 14.0\VC\bin\CL.exe /c /ZI /nologo /W3 /WX- /Od /Oy- /D WIN32 /D _DEBUG /D _CONSOLE /D _UNICODE /D UNICODE /Gm /EHsc /RTC1 /MDd /GS /fp:precise /Zc:wchar_t /Zc:forScope /Zc:inline /Fo"Debug\\" /Fd"Debug\vc140.pdb" /Gd /TC /analyze- /errorReport:prompt main.c
         main.c
     1>c:\users\freya\desktop\cpts121\lab10\lab10\main.c(12): warning C4996: 'strcat': This function or variable may be unsafe. Consider using strcat_s instead. To disable deprecation, use _CRT_SECURE_NO_WARNINGS. See online help for details.
         c:\program files (x86)\windows kits\10\include\10.0.10150.0\ucrt\string.h(90): note: see declaration of 'strcat'
     1>c:\users\freya\desktop\cpts121\lab10\lab10\main.c(13): warning C4996: 'strcat': This function or variable may be unsafe. Consider using strcat_s instead. To disable deprecation, use _CRT_SECURE_NO_WARNINGS. See online help for details.
         c:\program files (x86)\windows kits\10\include\10.0.10150.0\ucrt\string.h(90): note: see declaration of 'strcat'
     1>c:\users\freya\desktop\cpts121\lab10\lab10\main.c(14): warning C4996: 'strcat': This function or variable may be unsafe. Consider using strcat_s instead. To disable deprecation, use _CRT_SECURE_NO_WARNINGS. See online help for details.
         c:\program files (x86)\windows kits\10\include\10.0.10150.0\ucrt\string.h(90): note: see declaration of 'strcat'
     1>c:\users\freya\desktop\cpts121\lab10\lab10\main.c(15): warning C4996: 'strcat': This function or variable may be unsafe. Consider using strcat_s instead. To disable deprecation, use _CRT_SECURE_NO_WARNINGS. See online help for details.
         c:\program files (x86)\windows kits\10\include\10.0.10150.0\ucrt\string.h(90): note: see declaration of 'strcat'
     1>c:\users\freya\desktop\cpts121\lab10\lab10\main.c(16): warning C4996: 'strcat': This function or variable may be unsafe. Consider using strcat_s instead. To disable deprecation, use _CRT_SECURE_NO_WARNINGS. See online help for details.
         c:\program files (x86)\windows kits\10\include\10.0.10150.0\ucrt\string.h(90): note: see declaration of 'strcat'
     1>c:\users\freya\desktop\cpts121\lab10\lab10\main.c(17): warning C4996: 'strcat': This function or variable may be unsafe. Consider using strcat_s instead. To disable deprecation, use _CRT_SECURE_NO_WARNINGS. See online help for details.
         c:\program files (x86)\windows kits\10\include\10.0.10150.0\ucrt\string.h(90): note: see declaration of 'strcat'
     1>c:\users\freya\desktop\cpts121\lab10\lab10\main.c(18): warning C4996: 'strcat': This function or variable may be unsafe. Consider using strcat_s instead. To disable deprecation, use _CRT_SECURE_NO_WARNINGS. See online help for details.
         c:\program files (x86)\windows kits\10\include\10.0.10150.0\ucrt\string.h(90): note: see declaration of 'strcat'
     1>c:\users\freya\desktop\cpts121\lab10\lab10\main.c(19): warning C4996: 'strcat': This function or variable may be unsafe. Consider using strcat_s instead. To disable deprecation, use _CRT_SECURE_NO_WARNINGS. See online help for details.
         c:\program files (x86)\windows kits\10\include\10.0.10150.0\ucrt\string.h(90): note: see declaration of 'strcat'
     1>c:\users\freya\desktop\cpts121\lab10\lab10\main.c(20): warning C4996: 'strcat': This function or variable may be unsafe. Consider using strcat_s instead. To disable deprecation, use _CRT_SECURE_NO_WARNINGS. See online help for details.
         c:\program files (x86)\windows kits\10\include\10.0.10150.0\ucrt\string.h(90): note: see declaration of 'strcat'
     1>c:\users\freya\desktop\cpts121\lab10\lab10\main.c(21): warning C4996: 'strcat': This function or variable may be unsafe. Consider using strcat_s instead. To disable deprecation, use _CRT_SECURE_NO_WARNINGS. See online help for details.
         c:\program files (x86)\windows kits\10\include\10.0.10150.0\ucrt\string.h(90): note: see declaration of 'strcat'
     1>c:\users\freya\desktop\cpts121\lab10\lab10\main.c(22): warning C4996: 'strcat': This function or variable may be unsafe. Consider using strcat_s instead. To disable deprecation, use _CRT_SECURE_NO_WARNINGS. See online help for details.
         c:\program files (x86)\windows kits\10\include\10.0.10150.0\ucrt\string.h(90): note: see declaration of 'strcat'
     1>c:\users\freya\desktop\cpts121\lab10\lab10\main.c(23): warning C4996: 'strcat': This function or variable may be unsafe. Consider using strcat_s instead. To disable deprecation, use _CRT_SECURE_NO_WARNINGS. See online help for details.
         c:\program files (x86)\windows kits\10\include\10.0.10150.0\ucrt\string.h(90): note: see declaration of 'strcat'
       Link:
         C:\Program Files (x86)\Microsoft Visual Studio 14.0\VC\bin\link.exe /ERRORREPORT:PROMPT /OUT:"C:\Users\Freya\Desktop\cpts121\Lab10\Debug\Lab10.exe" /INCREMENTAL /NOLOGO kernel32.lib user32.lib gdi32.lib winspool.lib comdlg32.lib advapi32.lib shell32.lib ole32.lib oleaut32.lib uuid.lib odbc32.lib odbccp32.lib /MANIFEST /MANIFESTUAC:"level='asInvoker' uiAccess='false'" /manifest:embed /Debug /PDB:"C:\Users\Freya\Desktop\cpts121\Lab10\Debug\Lab10.pdb" /SUBSYSTEM:CONSOLE /TLBID:1 /DYNAMICBASE /NXCOMPAT /IMPLIB:"C:\Users\Freya\Desktop\cpts121\Lab10\Debug\Lab10.lib" /MACHINE:X86 Debug\functions.obj
         Debug\main.obj
         Lab10.vcxproj -> C:\Users\Freya\Desktop\cpts121\Lab10\Debug\Lab10.exe
     1>Done Building Project "C:\Users\Freya\Desktop\cpts121\Lab10\Lab10\Lab10.vcxproj" (Build target(s)).

Build succeeded.

Time Elapsed 00:00:01.21
