Build started 6/25/2018 10:42:09 PM.
     1>Project "C:\Users\Freya\Desktop\cpts121\cpts122\PA's\PA2_(122)\PA2_(122)\PA2_(122).vcxproj" on node 2 (Build target(s)).
     1>ClCompile:
         C:\Program Files (x86)\Microsoft Visual Studio 14.0\VC\bin\CL.exe /c /ZI /nologo /W3 /WX- /Od /Oy- /D WIN32 /D _DEBUG /D _CONSOLE /D _UNICODE /D UNICODE /Gm /EHsc /RTC1 /MDd /GS /fp:precise /Zc:wchar_t /Zc:forScope /Zc:inline /Fo"Debug\\" /Fd"Debug\vc140.pdb" /Gd /TC /analyze- /errorReport:prompt functions.c
         functions.c
     1>c:\users\freya\desktop\cpts121\cpts122\pa's\pa2_(122)\pa2_(122)\functions.c(26): warning C4129: '.': unrecognized character escape sequence
     1>c:\users\freya\desktop\cpts121\cpts122\pa's\pa2_(122)\pa2_(122)\functions.c(28): warning C4129: ' ': unrecognized character escape sequence
     1>c:\users\freya\desktop\cpts121\cpts122\pa's\pa2_(122)\pa2_(122)\functions.c(32): warning C4129: ' ': unrecognized character escape sequence
     1>c:\users\freya\desktop\cpts121\cpts122\pa's\pa2_(122)\pa2_(122)\functions.c(36): warning C4996: 'scanf': This function or variable may be unsafe. Consider using scanf_s instead. To disable deprecation, use _CRT_SECURE_NO_WARNINGS. See online help for details.
         c:\program files (x86)\windows kits\10\include\10.0.10150.0\ucrt\stdio.h(1270): note: see declaration of 'scanf'
     1>c:\users\freya\desktop\cpts121\cpts122\pa's\pa2_(122)\pa2_(122)\functions.c(71): warning C4047: 'function': 'char *' differs in levels of indirection from 'char (*)[100]'
     1>c:\users\freya\desktop\cpts121\cpts122\pa's\pa2_(122)\pa2_(122)\functions.c(71): warning C4024: 'fgets': different types for formal and actual parameter 1
     1>c:\users\freya\desktop\cpts121\cpts122\pa's\pa2_(122)\pa2_(122)\functions.c(77): warning C4047: 'function': 'char *' differs in levels of indirection from 'char (*)[25]'
     1>c:\users\freya\desktop\cpts121\cpts122\pa's\pa2_(122)\pa2_(122)\functions.c(77): warning C4024: 'strncpy': different types for formal and actual parameter 1
     1>c:\users\freya\desktop\cpts121\cpts122\pa's\pa2_(122)\pa2_(122)\functions.c(78): warning C4133: 'function': incompatible types - from 'Record *' to 'char *'
     1>c:\users\freya\desktop\cpts121\cpts122\pa's\pa2_(122)\pa2_(122)\functions.c(79): warning C4047: 'function': 'char *' differs in levels of indirection from 'char (*)[25]'
     1>c:\users\freya\desktop\cpts121\cpts122\pa's\pa2_(122)\pa2_(122)\functions.c(79): warning C4024: 'strcat': different types for formal and actual parameter 1
     1>c:\users\freya\desktop\cpts121\cpts122\pa's\pa2_(122)\pa2_(122)\functions.c(84): warning C4047: 'function': 'char *' differs in levels of indirection from 'char (*)[25]'
     1>c:\users\freya\desktop\cpts121\cpts122\pa's\pa2_(122)\pa2_(122)\functions.c(84): warning C4024: 'strncpy': different types for formal and actual parameter 1
     1>c:\users\freya\desktop\cpts121\cpts122\pa's\pa2_(122)\pa2_(122)\functions.c(87): warning C4047: 'function': 'char *' differs in levels of indirection from 'char (*)[25]'
     1>c:\users\freya\desktop\cpts121\cpts122\pa's\pa2_(122)\pa2_(122)\functions.c(87): warning C4024: 'strcpy': different types for formal and actual parameter 1
     1>c:\users\freya\desktop\cpts121\cpts122\pa's\pa2_(122)\pa2_(122)\functions.c(89): warning C4047: 'function': 'char *' differs in levels of indirection from 'char (*)[25]'
     1>c:\users\freya\desktop\cpts121\cpts122\pa's\pa2_(122)\pa2_(122)\functions.c(89): warning C4024: 'strcpy': different types for formal and actual parameter 1
     1>c:\users\freya\desktop\cpts121\cpts122\pa's\pa2_(122)\pa2_(122)\functions.c(91): warning C4047: 'function': 'char *' differs in levels of indirection from 'char (*)[25]'
     1>c:\users\freya\desktop\cpts121\cpts122\pa's\pa2_(122)\pa2_(122)\functions.c(91): warning C4024: 'strcpy': different types for formal and actual parameter 1
     1>c:\users\freya\desktop\cpts121\cpts122\pa's\pa2_(122)\pa2_(122)\functions.c(117): warning C4133: '=': incompatible types - from 'Node *' to 'Node *'
     1>c:\users\freya\desktop\cpts121\cpts122\pa's\pa2_(122)\pa2_(122)\functions.c(118): warning C4133: '=': incompatible types - from 'Node *' to 'Node *'
     1>c:\users\freya\desktop\cpts121\cpts122\pa's\pa2_(122)\pa2_(122)\functions.c(121): warning C4133: '=': incompatible types - from 'Node *' to 'Node *'
     1>c:\users\freya\desktop\cpts121\cpts122\pa's\pa2_(122)\pa2_(122)\functions.c(61): warning C4996: 'fopen': This function or variable may be unsafe. Consider using fopen_s instead. To disable deprecation, use _CRT_SECURE_NO_WARNINGS. See online help for details.
         c:\program files (x86)\windows kits\10\include\10.0.10150.0\ucrt\stdio.h(205): note: see declaration of 'fopen'
     1>c:\users\freya\desktop\cpts121\cpts122\pa's\pa2_(122)\pa2_(122)\functions.c(74): warning C4996: 'strtok': This function or variable may be unsafe. Consider using strtok_s instead. To disable deprecation, use _CRT_SECURE_NO_WARNINGS. See online help for details.
         c:\program files (x86)\windows kits\10\include\10.0.10150.0\ucrt\string.h(453): note: see declaration of 'strtok'
     1>c:\users\freya\desktop\cpts121\cpts122\pa's\pa2_(122)\pa2_(122)\functions.c(77): warning C4996: 'strncpy': This function or variable may be unsafe. Consider using strncpy_s instead. To disable deprecation, use _CRT_SECURE_NO_WARNINGS. See online help for details.
         c:\program files (x86)\windows kits\10\include\10.0.10150.0\ucrt\string.h(346): note: see declaration of 'strncpy'
     1>c:\users\freya\desktop\cpts121\cpts122\pa's\pa2_(122)\pa2_(122)\functions.c(78): warning C4996: 'strcat': This function or variable may be unsafe. Consider using strcat_s instead. To disable deprecation, use _CRT_SECURE_NO_WARNINGS. See online help for details.
         c:\program files (x86)\windows kits\10\include\10.0.10150.0\ucrt\string.h(90): note: see declaration of 'strcat'
     1>c:\users\freya\desktop\cpts121\cpts122\pa's\pa2_(122)\pa2_(122)\functions.c(79): warning C4996: 'strcat': This function or variable may be unsafe. Consider using strcat_s instead. To disable deprecation, use _CRT_SECURE_NO_WARNINGS. See online help for details.
         c:\program files (x86)\windows kits\10\include\10.0.10150.0\ucrt\string.h(90): note: see declaration of 'strcat'
     1>c:\users\freya\desktop\cpts121\cpts122\pa's\pa2_(122)\pa2_(122)\functions.c(84): warning C4996: 'strncpy': This function or variable may be unsafe. Consider using strncpy_s instead. To disable deprecation, use _CRT_SECURE_NO_WARNINGS. See online help for details.
         c:\program files (x86)\windows kits\10\include\10.0.10150.0\ucrt\string.h(346): note: see declaration of 'strncpy'
     1>c:\users\freya\desktop\cpts121\cpts122\pa's\pa2_(122)\pa2_(122)\functions.c(87): warning C4996: 'strcpy': This function or variable may be unsafe. Consider using strcpy_s instead. To disable deprecation, use _CRT_SECURE_NO_WARNINGS. See online help for details.
         c:\program files (x86)\windows kits\10\include\10.0.10150.0\ucrt\string.h(119): note: see declaration of 'strcpy'
     1>c:\users\freya\desktop\cpts121\cpts122\pa's\pa2_(122)\pa2_(122)\functions.c(89): warning C4996: 'strcpy': This function or variable may be unsafe. Consider using strcpy_s instead. To disable deprecation, use _CRT_SECURE_NO_WARNINGS. See online help for details.
         c:\program files (x86)\windows kits\10\include\10.0.10150.0\ucrt\string.h(119): note: see declaration of 'strcpy'
     1>c:\users\freya\desktop\cpts121\cpts122\pa's\pa2_(122)\pa2_(122)\functions.c(91): warning C4996: 'strcpy': This function or variable may be unsafe. Consider using strcpy_s instead. To disable deprecation, use _CRT_SECURE_NO_WARNINGS. See online help for details.
         c:\program files (x86)\windows kits\10\include\10.0.10150.0\ucrt\string.h(119): note: see declaration of 'strcpy'
     1>c:\users\freya\desktop\cpts121\cpts122\pa's\pa2_(122)\pa2_(122)\functions.c(93): warning C4996: 'strtok': This function or variable may be unsafe. Consider using strtok_s instead. To disable deprecation, use _CRT_SECURE_NO_WARNINGS. See online help for details.
         c:\program files (x86)\windows kits\10\include\10.0.10150.0\ucrt\string.h(453): note: see declaration of 'strtok'
     1>c:\users\freya\desktop\cpts121\cpts122\pa's\pa2_(122)\pa2_(122)\functions.c(96): warning C4996: 'strtok': This function or variable may be unsafe. Consider using strtok_s instead. To disable deprecation, use _CRT_SECURE_NO_WARNINGS. See online help for details.
         c:\program files (x86)\windows kits\10\include\10.0.10150.0\ucrt\string.h(453): note: see declaration of 'strtok'
     1>c:\users\freya\desktop\cpts121\cpts122\pa's\pa2_(122)\pa2_(122)\functions.c(99): warning C4996: 'strtok': This function or variable may be unsafe. Consider using strtok_s instead. To disable deprecation, use _CRT_SECURE_NO_WARNINGS. See online help for details.
         c:\program files (x86)\windows kits\10\include\10.0.10150.0\ucrt\string.h(453): note: see declaration of 'strtok'
     1>c:\users\freya\desktop\cpts121\cpts122\pa's\pa2_(122)\pa2_(122)\functions.c(102): warning C4996: 'strtok': This function or variable may be unsafe. Consider using strtok_s instead. To disable deprecation, use _CRT_SECURE_NO_WARNINGS. See online help for details.
         c:\program files (x86)\windows kits\10\include\10.0.10150.0\ucrt\string.h(453): note: see declaration of 'strtok'
     1>c:\users\freya\desktop\cpts121\cpts122\pa's\pa2_(122)\pa2_(122)\functions.c(157): warning C4133: '==': incompatible types - from 'Node *' to 'Node *'
     1>c:\users\freya\desktop\cpts121\cpts122\pa's\pa2_(122)\pa2_(122)\functions.c(159): warning C4133: '=': incompatible types - from 'Node *' to 'Node *'
     1>c:\users\freya\desktop\cpts121\cpts122\pa's\pa2_(122)\pa2_(122)\functions.c(173): warning C4996: 'scanf': This function or variable may be unsafe. Consider using scanf_s instead. To disable deprecation, use _CRT_SECURE_NO_WARNINGS. See online help for details.
         c:\program files (x86)\windows kits\10\include\10.0.10150.0\ucrt\stdio.h(1270): note: see declaration of 'scanf'
     1>c:\users\freya\desktop\cpts121\cpts122\pa's\pa2_(122)\pa2_(122)\functions.c(210): warning C4133: '==': incompatible types - from 'Node *' to 'Node *'
     1>c:\users\freya\desktop\cpts121\cpts122\pa's\pa2_(122)\pa2_(122)\functions.c(212): warning C4133: '=': incompatible types - from 'Node *' to 'Node *'
     1>c:\users\freya\desktop\cpts121\cpts122\pa's\pa2_(122)\pa2_(122)\functions.c(192): warning C4996: 'fopen': This function or variable may be unsafe. Consider using fopen_s instead. To disable deprecation, use _CRT_SECURE_NO_WARNINGS. See online help for details.
         c:\program files (x86)\windows kits\10\include\10.0.10150.0\ucrt\stdio.h(205): note: see declaration of 'fopen'
     1>c:\users\freya\desktop\cpts121\cpts122\pa's\pa2_(122)\pa2_(122)\functions.c(247): warning C4133: '==': incompatible types - from 'Node *' to 'Node *'
     1>c:\users\freya\desktop\cpts121\cpts122\pa's\pa2_(122)\pa2_(122)\functions.c(249): warning C4133: '=': incompatible types - from 'Node *' to 'Node *'
     1>c:\users\freya\desktop\cpts121\cpts122\pa's\pa2_(122)\pa2_(122)\functions.c(274): warning C4133: '==': incompatible types - from 'Node *' to 'Node *'
     1>c:\users\freya\desktop\cpts121\cpts122\pa's\pa2_(122)\pa2_(122)\functions.c(276): warning C4133: '=': incompatible types - from 'Node *' to 'Node *'
     1>c:\users\freya\desktop\cpts121\cpts122\pa's\pa2_(122)\pa2_(122)\functions.c(234): warning C4996: 'scanf': This function or variable may be unsafe. Consider using scanf_s instead. To disable deprecation, use _CRT_SECURE_NO_WARNINGS. See online help for details.
         c:\program files (x86)\windows kits\10\include\10.0.10150.0\ucrt\stdio.h(1270): note: see declaration of 'scanf'
     1>c:\users\freya\desktop\cpts121\cpts122\pa's\pa2_(122)\pa2_(122)\functions.c(258): warning C4996: 'scanf': This function or variable may be unsafe. Consider using scanf_s instead. To disable deprecation, use _CRT_SECURE_NO_WARNINGS. See online help for details.
         c:\program files (x86)\windows kits\10\include\10.0.10150.0\ucrt\stdio.h(1270): note: see declaration of 'scanf'
     1>c:\users\freya\desktop\cpts121\cpts122\pa's\pa2_(122)\pa2_(122)\functions.c(307): warning C4033: 'edit' must return a value
     1>c:\users\freya\desktop\cpts121\cpts122\pa's\pa2_(122)\pa2_(122)\functions.c(301): warning C4996: 'scanf': This function or variable may be unsafe. Consider using scanf_s instead. To disable deprecation, use _CRT_SECURE_NO_WARNINGS. See online help for details.
         c:\program files (x86)\windows kits\10\include\10.0.10150.0\ucrt\stdio.h(1270): note: see declaration of 'scanf'
     1>c:\users\freya\desktop\cpts121\cpts122\pa's\pa2_(122)\pa2_(122)\functions.c(318): warning C4996: 'scanf': This function or variable may be unsafe. Consider using scanf_s instead. To disable deprecation, use _CRT_SECURE_NO_WARNINGS. See online help for details.
         c:\program files (x86)\windows kits\10\include\10.0.10150.0\ucrt\stdio.h(1270): note: see declaration of 'scanf'
     1>c:\users\freya\desktop\cpts121\cpts122\pa's\pa2_(122)\pa2_(122)\functions.c(325): warning C4996: 'scanf': This function or variable may be unsafe. Consider using scanf_s instead. To disable deprecation, use _CRT_SECURE_NO_WARNINGS. See online help for details.
         c:\program files (x86)\windows kits\10\include\10.0.10150.0\ucrt\stdio.h(1270): note: see declaration of 'scanf'
     1>c:\users\freya\desktop\cpts121\cpts122\pa's\pa2_(122)\pa2_(122)\functions.c(332): warning C4996: 'scanf': This function or variable may be unsafe. Consider using scanf_s instead. To disable deprecation, use _CRT_SECURE_NO_WARNINGS. See online help for details.
         c:\program files (x86)\windows kits\10\include\10.0.10150.0\ucrt\stdio.h(1270): note: see declaration of 'scanf'
     1>c:\users\freya\desktop\cpts121\cpts122\pa's\pa2_(122)\pa2_(122)\functions.c(339): warning C4996: 'scanf': This function or variable may be unsafe. Consider using scanf_s instead. To disable deprecation, use _CRT_SECURE_NO_WARNINGS. See online help for details.
         c:\program files (x86)\windows kits\10\include\10.0.10150.0\ucrt\stdio.h(1270): note: see declaration of 'scanf'
     1>c:\users\freya\desktop\cpts121\cpts122\pa's\pa2_(122)\pa2_(122)\functions.c(346): warning C4996: 'scanf': This function or variable may be unsafe. Consider using scanf_s instead. To disable deprecation, use _CRT_SECURE_NO_WARNINGS. See online help for details.
         c:\program files (x86)\windows kits\10\include\10.0.10150.0\ucrt\stdio.h(1270): note: see declaration of 'scanf'
     1>c:\users\freya\desktop\cpts121\cpts122\pa's\pa2_(122)\pa2_(122)\functions.c(353): warning C4477: 'scanf' : format string '%d' requires an argument of type 'int *', but variadic argument 1 has type 'int'
     1>c:\users\freya\desktop\cpts121\cpts122\pa's\pa2_(122)\pa2_(122)\functions.c(353): warning C4996: 'scanf': This function or variable may be unsafe. Consider using scanf_s instead. To disable deprecation, use _CRT_SECURE_NO_WARNINGS. See online help for details.
         c:\program files (x86)\windows kits\10\include\10.0.10150.0\ucrt\stdio.h(1270): note: see declaration of 'scanf'
     1>c:\users\freya\desktop\cpts121\cpts122\pa's\pa2_(122)\pa2_(122)\functions.c(355): warning C4477: 'scanf' : format string '%d' requires an argument of type 'int *', but variadic argument 1 has type 'int'
     1>c:\users\freya\desktop\cpts121\cpts122\pa's\pa2_(122)\pa2_(122)\functions.c(355): warning C4996: 'scanf': This function or variable may be unsafe. Consider using scanf_s instead. To disable deprecation, use _CRT_SECURE_NO_WARNINGS. See online help for details.
         c:\program files (x86)\windows kits\10\include\10.0.10150.0\ucrt\stdio.h(1270): note: see declaration of 'scanf'
     1>c:\users\freya\desktop\cpts121\cpts122\pa's\pa2_(122)\pa2_(122)\functions.c(362): warning C4477: 'scanf' : format string '%d' requires an argument of type 'int *', but variadic argument 1 has type 'int'
     1>c:\users\freya\desktop\cpts121\cpts122\pa's\pa2_(122)\pa2_(122)\functions.c(362): warning C4996: 'scanf': This function or variable may be unsafe. Consider using scanf_s instead. To disable deprecation, use _CRT_SECURE_NO_WARNINGS. See online help for details.
         c:\program files (x86)\windows kits\10\include\10.0.10150.0\ucrt\stdio.h(1270): note: see declaration of 'scanf'
     1>c:\users\freya\desktop\cpts121\cpts122\pa's\pa2_(122)\pa2_(122)\functions.c(369): warning C4477: 'scanf' : format string '%d' requires an argument of type 'int *', but variadic argument 1 has type 'int'
     1>c:\users\freya\desktop\cpts121\cpts122\pa's\pa2_(122)\pa2_(122)\functions.c(369): warning C4996: 'scanf': This function or variable may be unsafe. Consider using scanf_s instead. To disable deprecation, use _CRT_SECURE_NO_WARNINGS. See online help for details.
         c:\program files (x86)\windows kits\10\include\10.0.10150.0\ucrt\stdio.h(1270): note: see declaration of 'scanf'
     1>c:\users\freya\desktop\cpts121\cpts122\pa's\pa2_(122)\pa2_(122)\functions.c(399): warning C4133: '==': incompatible types - from 'Node *' to 'Node *'
     1>c:\users\freya\desktop\cpts121\cpts122\pa's\pa2_(122)\pa2_(122)\functions.c(401): warning C4133: '=': incompatible types - from 'Node *' to 'Node *'
     1>c:\users\freya\desktop\cpts121\cpts122\pa's\pa2_(122)\pa2_(122)\functions.c(393): warning C4996: 'scanf': This function or variable may be unsafe. Consider using scanf_s instead. To disable deprecation, use _CRT_SECURE_NO_WARNINGS. See online help for details.
         c:\program files (x86)\windows kits\10\include\10.0.10150.0\ucrt\stdio.h(1270): note: see declaration of 'scanf'
     1>c:\users\freya\desktop\cpts121\cpts122\pa's\pa2_(122)\pa2_(122)\functions.c(397): warning C4996: 'scanf': This function or variable may be unsafe. Consider using scanf_s instead. To disable deprecation, use _CRT_SECURE_NO_WARNINGS. See online help for details.
         c:\program files (x86)\windows kits\10\include\10.0.10150.0\ucrt\stdio.h(1270): note: see declaration of 'scanf'
     1>c:\users\freya\desktop\cpts121\cpts122\pa's\pa2_(122)\pa2_(122)\functions.c(424): warning C4033: 'play' must return a value
     1>c:\users\freya\desktop\cpts121\cpts122\pa's\pa2_(122)\pa2_(122)\functions.c(437): warning C4133: '==': incompatible types - from 'Node *' to 'Node *'
     1>c:\users\freya\desktop\cpts121\cpts122\pa's\pa2_(122)\pa2_(122)\functions.c(439): warning C4133: '=': incompatible types - from 'Node *' to 'Node *'
     1>c:\users\freya\desktop\cpts121\cpts122\pa's\pa2_(122)\pa2_(122)\functions.c(453): warning C4033: 'play' must return a value
     1>c:\users\freya\desktop\cpts121\cpts122\pa's\pa2_(122)\pa2_(122)\functions.c(464): warning C4133: '=': incompatible types - from 'Node *' to 'Node *'
     1>c:\users\freya\desktop\cpts121\cpts122\pa's\pa2_(122)\pa2_(122)\functions.c(470): warning C4133: '==': incompatible types - from 'Node *' to 'Node *'
     1>c:\users\freya\desktop\cpts121\cpts122\pa's\pa2_(122)\pa2_(122)\functions.c(472): warning C4133: '=': incompatible types - from 'Node *' to 'Node *'
     1>c:\users\freya\desktop\cpts121\cpts122\pa's\pa2_(122)\pa2_(122)\functions.c(427): warning C4996: 'scanf': This function or variable may be unsafe. Consider using scanf_s instead. To disable deprecation, use _CRT_SECURE_NO_WARNINGS. See online help for details.
         c:\program files (x86)\windows kits\10\include\10.0.10150.0\ucrt\stdio.h(1270): note: see declaration of 'scanf'
     1>c:\users\freya\desktop\cpts121\cpts122\pa's\pa2_(122)\pa2_(122)\functions.c(447): warning C4996: 'scanf': This function or variable may be unsafe. Consider using scanf_s instead. To disable deprecation, use _CRT_SECURE_NO_WARNINGS. See online help for details.
         c:\program files (x86)\windows kits\10\include\10.0.10150.0\ucrt\stdio.h(1270): note: see declaration of 'scanf'
     1>c:\users\freya\desktop\cpts121\cpts122\pa's\pa2_(122)\pa2_(122)\functions.c(540): warning C4133: '=': incompatible types - from 'Node *' to 'Node *'
     1>c:\users\freya\desktop\cpts121\cpts122\pa's\pa2_(122)\pa2_(122)\functions.c(541): warning C4133: '=': incompatible types - from 'Node *' to 'Node *'
     1>c:\users\freya\desktop\cpts121\cpts122\pa's\pa2_(122)\pa2_(122)\functions.c(542): warning C4133: '=': incompatible types - from 'Node *' to 'Node *'
     1>c:\users\freya\desktop\cpts121\cpts122\pa's\pa2_(122)\pa2_(122)\functions.c(543): warning C4133: '=': incompatible types - from 'Node *' to 'Node *'
     1>c:\users\freya\desktop\cpts121\cpts122\pa's\pa2_(122)\pa2_(122)\functions.c(549): warning C4133: '=': incompatible types - from 'Node *' to 'Node *'
     1>c:\users\freya\desktop\cpts121\cpts122\pa's\pa2_(122)\pa2_(122)\functions.c(550): warning C4133: '=': incompatible types - from 'Node *' to 'Node *'
     1>c:\users\freya\desktop\cpts121\cpts122\pa's\pa2_(122)\pa2_(122)\functions.c(551): warning C4133: '=': incompatible types - from 'Node *' to 'Node *'
     1>c:\users\freya\desktop\cpts121\cpts122\pa's\pa2_(122)\pa2_(122)\functions.c(552): warning C4133: '=': incompatible types - from 'Node *' to 'Node *'
     1>c:\users\freya\desktop\cpts121\cpts122\pa's\pa2_(122)\pa2_(122)\functions.c(505): warning C4996: 'scanf': This function or variable may be unsafe. Consider using scanf_s instead. To disable deprecation, use _CRT_SECURE_NO_WARNINGS. See online help for details.
         c:\program files (x86)\windows kits\10\include\10.0.10150.0\ucrt\stdio.h(1270): note: see declaration of 'scanf'
     1>c:\users\freya\desktop\cpts121\cpts122\pa's\pa2_(122)\pa2_(122)\functions.c(509): warning C4996: 'scanf': This function or variable may be unsafe. Consider using scanf_s instead. To disable deprecation, use _CRT_SECURE_NO_WARNINGS. See online help for details.
         c:\program files (x86)\windows kits\10\include\10.0.10150.0\ucrt\stdio.h(1270): note: see declaration of 'scanf'
     1>c:\users\freya\desktop\cpts121\cpts122\pa's\pa2_(122)\pa2_(122)\functions.c(513): warning C4996: 'scanf': This function or variable may be unsafe. Consider using scanf_s instead. To disable deprecation, use _CRT_SECURE_NO_WARNINGS. See online help for details.
         c:\program files (x86)\windows kits\10\include\10.0.10150.0\ucrt\stdio.h(1270): note: see declaration of 'scanf'
     1>c:\users\freya\desktop\cpts121\cpts122\pa's\pa2_(122)\pa2_(122)\functions.c(517): warning C4996: 'scanf': This function or variable may be unsafe. Consider using scanf_s instead. To disable deprecation, use _CRT_SECURE_NO_WARNINGS. See online help for details.
         c:\program files (x86)\windows kits\10\include\10.0.10150.0\ucrt\stdio.h(1270): note: see declaration of 'scanf'
     1>c:\users\freya\desktop\cpts121\cpts122\pa's\pa2_(122)\pa2_(122)\functions.c(521): warning C4996: 'scanf': This function or variable may be unsafe. Consider using scanf_s instead. To disable deprecation, use _CRT_SECURE_NO_WARNINGS. See online help for details.
         c:\program files (x86)\windows kits\10\include\10.0.10150.0\ucrt\stdio.h(1270): note: see declaration of 'scanf'
     1>c:\users\freya\desktop\cpts121\cpts122\pa's\pa2_(122)\pa2_(122)\functions.c(523): warning C4996: 'scanf': This function or variable may be unsafe. Consider using scanf_s instead. To disable deprecation, use _CRT_SECURE_NO_WARNINGS. See online help for details.
         c:\program files (x86)\windows kits\10\include\10.0.10150.0\ucrt\stdio.h(1270): note: see declaration of 'scanf'
     1>c:\users\freya\desktop\cpts121\cpts122\pa's\pa2_(122)\pa2_(122)\functions.c(527): warning C4996: 'scanf': This function or variable may be unsafe. Consider using scanf_s instead. To disable deprecation, use _CRT_SECURE_NO_WARNINGS. See online help for details.
         c:\program files (x86)\windows kits\10\include\10.0.10150.0\ucrt\stdio.h(1270): note: see declaration of 'scanf'
     1>c:\users\freya\desktop\cpts121\cpts122\pa's\pa2_(122)\pa2_(122)\functions.c(531): warning C4996: 'scanf': This function or variable may be unsafe. Consider using scanf_s instead. To disable deprecation, use _CRT_SECURE_NO_WARNINGS. See online help for details.
         c:\program files (x86)\windows kits\10\include\10.0.10150.0\ucrt\stdio.h(1270): note: see declaration of 'scanf'
     1>c:\users\freya\desktop\cpts121\cpts122\pa's\pa2_(122)\pa2_(122)\functions.c(548): warning C4133: 'initializing': incompatible types - from 'Node *' to 'Node *'
     1>c:\users\freya\desktop\cpts121\cpts122\pa's\pa2_(122)\pa2_(122)\functions.c(585): warning C4133: '=': incompatible types - from 'Node *' to 'Node *'
     1>c:\users\freya\desktop\cpts121\cpts122\pa's\pa2_(122)\pa2_(122)\functions.c(594): warning C4133: '=': incompatible types - from 'Node *' to 'Node *'
     1>c:\users\freya\desktop\cpts121\cpts122\pa's\pa2_(122)\pa2_(122)\functions.c(596): warning C4133: '=': incompatible types - from 'Node *' to 'Node *'
     1>c:\users\freya\desktop\cpts121\cpts122\pa's\pa2_(122)\pa2_(122)\functions.c(597): warning C4133: '=': incompatible types - from 'Node *' to 'Node *'
     1>c:\users\freya\desktop\cpts121\cpts122\pa's\pa2_(122)\pa2_(122)\functions.c(570): warning C4996: 'scanf': This function or variable may be unsafe. Consider using scanf_s instead. To disable deprecation, use _CRT_SECURE_NO_WARNINGS. See online help for details.
         c:\program files (x86)\windows kits\10\include\10.0.10150.0\ucrt\stdio.h(1270): note: see declaration of 'scanf'
     1>c:\users\freya\desktop\cpts121\cpts122\pa's\pa2_(122)\pa2_(122)\functions.c(592): warning C4133: 'initializing': incompatible types - from 'Node *' to 'Node *'
     1>c:\users\freya\desktop\cpts121\cpts122\pa's\pa2_(122)\pa2_(122)\functions.c(642): warning C4133: '!=': incompatible types - from 'Node *' to 'Node *'
     1>c:\users\freya\desktop\cpts121\cpts122\pa's\pa2_(122)\pa2_(122)\functions.c(642): warning C4133: '=': incompatible types - from 'Node *' to 'Node *'
     1>c:\users\freya\desktop\cpts121\cpts122\pa's\pa2_(122)\pa2_(122)\functions.c(656): warning C4133: '=': incompatible types - from 'Node *' to 'Node *'
     1>c:\users\freya\desktop\cpts121\cpts122\pa's\pa2_(122)\pa2_(122)\functions.c(657): warning C4133: '=': incompatible types - from 'Node *' to 'Node *'
     1>c:\users\freya\desktop\cpts121\cpts122\pa's\pa2_(122)\pa2_(122)\functions.c(626): warning C4996: 'scanf': This function or variable may be unsafe. Consider using scanf_s instead. To disable deprecation, use _CRT_SECURE_NO_WARNINGS. See online help for details.
         c:\program files (x86)\windows kits\10\include\10.0.10150.0\ucrt\stdio.h(1270): note: see declaration of 'scanf'
     1>c:\users\freya\desktop\cpts121\cpts122\pa's\pa2_(122)\pa2_(122)\functions.c(647): warning C4133: 'initializing': incompatible types - from 'Node *' to 'Node *'
     1>c:\users\freya\desktop\cpts121\cpts122\pa's\pa2_(122)\pa2_(122)\functions.c(689): warning C4133: '==': incompatible types - from 'Node *' to 'Node *'
     1>c:\users\freya\desktop\cpts121\cpts122\pa's\pa2_(122)\pa2_(122)\functions.c(691): warning C4133: '=': incompatible types - from 'Node *' to 'Node *'
     1>c:\users\freya\desktop\cpts121\cpts122\pa's\pa2_(122)\pa2_(122)\functions.c(753): warning C4996: 'strcpy': This function or variable may be unsafe. Consider using strcpy_s instead. To disable deprecation, use _CRT_SECURE_NO_WARNINGS. See online help for details.
         c:\program files (x86)\windows kits\10\include\10.0.10150.0\ucrt\string.h(119): note: see declaration of 'strcpy'
     1>c:\users\freya\desktop\cpts121\cpts122\pa's\pa2_(122)\pa2_(122)\functions.c(754): warning C4996: 'strcpy': This function or variable may be unsafe. Consider using strcpy_s instead. To disable deprecation, use _CRT_SECURE_NO_WARNINGS. See online help for details.
         c:\program files (x86)\windows kits\10\include\10.0.10150.0\ucrt\string.h(119): note: see declaration of 'strcpy'
     1>c:\users\freya\desktop\cpts121\cpts122\pa's\pa2_(122)\pa2_(122)\functions.c(755): warning C4996: 'strcpy': This function or variable may be unsafe. Consider using strcpy_s instead. To disable deprecation, use _CRT_SECURE_NO_WARNINGS. See online help for details.
         c:\program files (x86)\windows kits\10\include\10.0.10150.0\ucrt\string.h(119): note: see declaration of 'strcpy'
     1>c:\users\freya\desktop\cpts121\cpts122\pa's\pa2_(122)\pa2_(122)\functions.c(756): warning C4996: 'strcpy': This function or variable may be unsafe. Consider using strcpy_s instead. To disable deprecation, use _CRT_SECURE_NO_WARNINGS. See online help for details.
         c:\program files (x86)\windows kits\10\include\10.0.10150.0\ucrt\string.h(119): note: see declaration of 'strcpy'
     1>c:\users\freya\desktop\cpts121\cpts122\pa's\pa2_(122)\pa2_(122)\functions.c(778): warning C4133: '=': incompatible types - from 'Node *' to 'Node *'
     1>c:\users\freya\desktop\cpts121\cpts122\pa's\pa2_(122)\pa2_(122)\functions.c(779): warning C4133: '=': incompatible types - from 'Node *' to 'Node *'
     1>c:\users\freya\desktop\cpts121\cpts122\pa's\pa2_(122)\pa2_(122)\functions.c(795): warning C4133: '=': incompatible types - from 'Node *' to 'Node *'
     1>c:\users\freya\desktop\cpts121\cpts122\pa's\pa2_(122)\pa2_(122)\functions.c(802): warning C4133: '=': incompatible types - from 'Node *' to 'Node *'
     1>c:\users\freya\desktop\cpts121\cpts122\pa's\pa2_(122)\pa2_(122)\functions.c(817): warning C4133: '=': incompatible types - from 'Node *' to 'Node *'
     1>c:\users\freya\desktop\cpts121\cpts122\pa's\pa2_(122)\pa2_(122)\functions.c(818): warning C4133: '=': incompatible types - from 'Node *' to 'Node *'
     1>c:\users\freya\desktop\cpts121\cpts122\pa's\pa2_(122)\pa2_(122)\functions.c(819): warning C4133: '=': incompatible types - from 'Node *' to 'Node *'
     1>c:\users\freya\desktop\cpts121\cpts122\pa's\pa2_(122)\pa2_(122)\functions.c(820): warning C4133: '=': incompatible types - from 'Node *' to 'Node *'
     1>c:\users\freya\desktop\cpts121\cpts122\pa's\pa2_(122)\pa2_(122)\functions.c(821): warning C4133: '=': incompatible types - from 'Node *' to 'Node *'
     1>c:\users\freya\desktop\cpts121\cpts122\pa's\pa2_(122)\pa2_(122)\functions.c(822): warning C4133: '=': incompatible types - from 'Node *' to 'Node *'
     1>c:\users\freya\desktop\cpts121\cpts122\pa's\pa2_(122)\pa2_(122)\functions.c(825): warning C4133: '=': incompatible types - from 'Node *' to 'Node *'
     1>c:\users\freya\desktop\cpts121\cpts122\pa's\pa2_(122)\pa2_(122)\functions.c(815): warning C4133: 'initializing': incompatible types - from 'Node *' to 'Node *'
     1>c:\users\freya\desktop\cpts121\cpts122\pa's\pa2_(122)\pa2_(122)\functions.c(216): warning C4716: 'store': must return a value
     1>c:\users\freya\desktop\cpts121\cpts122\pa's\pa2_(122)\pa2_(122)\functions.c(407): warning C4716: 'rate': must return a value
     1>c:\users\freya\desktop\cpts121\cpts122\pa's\pa2_(122)\pa2_(122)\functions.c(478): warning C4716: 'play': must return a value
     1>c:\users\freya\desktop\cpts121\cpts122\pa's\pa2_(122)\pa2_(122)\functions.c(844): warning C4715: 'isSorted': not all control paths return a value
     1>c:\users\freya\desktop\cpts121\cpts122\pa's\pa2_(122)\pa2_(122)\functions.c(376): warning C4715: 'edit': not all control paths return a value
       Link:
         C:\Program Files (x86)\Microsoft Visual Studio 14.0\VC\bin\link.exe /ERRORREPORT:PROMPT /OUT:"C:\Users\Freya\Desktop\cpts121\cpts122\PA's\PA2_(122)\Debug\PA2_(122).exe" /INCREMENTAL /NOLOGO kernel32.lib user32.lib gdi32.lib winspool.lib comdlg32.lib advapi32.lib shell32.lib ole32.lib oleaut32.lib uuid.lib odbc32.lib odbccp32.lib /MANIFEST /MANIFESTUAC:"level='asInvoker' uiAccess='false'" /manifest:embed /Debug /PDB:"C:\Users\Freya\Desktop\cpts121\cpts122\PA's\PA2_(122)\Debug\PA2_(122).pdb" /SUBSYSTEM:CONSOLE /TLBID:1 /DYNAMICBASE /NXCOMPAT /IMPLIB:"C:\Users\Freya\Desktop\cpts121\cpts122\PA's\PA2_(122)\Debug\PA2_(122).lib" /MACHINE:X86 Debug\functions.obj
         Debug\main.obj
         PA2_(122).vcxproj -> C:\Users\Freya\Desktop\cpts121\cpts122\PA's\PA2_(122)\Debug\PA2_(122).exe
     1>Done Building Project "C:\Users\Freya\Desktop\cpts121\cpts122\PA's\PA2_(122)\PA2_(122)\PA2_(122).vcxproj" (Build target(s)).

Build succeeded.

Time Elapsed 00:00:02.18
