Build started 2/8/2018 7:37:27 PM.
     1>Project "C:\Users\Freya\Desktop\CompLabs\PA-3\PA-3\PA-3.vcxproj" on node 2 (Build target(s)).
     1>ClCompile:
         C:\Program Files (x86)\Microsoft Visual Studio 14.0\VC\bin\CL.exe /c /ZI /nologo /W3 /WX- /Od /Oy- /D WIN32 /D _DEBUG /D _CONSOLE /D _UNICODE /D UNICODE /Gm /EHsc /RTC1 /MDd /GS /fp:precise /Zc:wchar_t /Zc:forScope /Zc:inline /Fo"Debug\\" /Fd"Debug\vc140.pdb" /Gd /TC /analyze- /errorReport:prompt functions.c main.c
         main.c
     1>c:\users\freya\desktop\complabs\pa-3\pa-3\main.c(29): warning C4996: 'fopen': This function or variable may be unsafe. Consider using fopen_s instead. To disable deprecation, use _CRT_SECURE_NO_WARNINGS. See online help for details.
         c:\program files (x86)\windows kits\10\include\10.0.10150.0\ucrt\stdio.h(205): note: see declaration of 'fopen'
     1>c:\users\freya\desktop\complabs\pa-3\pa-3\main.c(35): warning C4996: 'fopen': This function or variable may be unsafe. Consider using fopen_s instead. To disable deprecation, use _CRT_SECURE_NO_WARNINGS. See online help for details.
         c:\program files (x86)\windows kits\10\include\10.0.10150.0\ucrt\stdio.h(205): note: see declaration of 'fopen'
         functions.c
     1>c:\users\freya\desktop\complabs\pa-3\pa-3\functions.c(29): warning C4996: 'fscanf': This function or variable may be unsafe. Consider using fscanf_s instead. To disable deprecation, use _CRT_SECURE_NO_WARNINGS. See online help for details.
         c:\program files (x86)\windows kits\10\include\10.0.10150.0\ucrt\stdio.h(1193): note: see declaration of 'fscanf'
     1>c:\users\freya\desktop\complabs\pa-3\pa-3\functions.c(42): warning C4996: 'fscanf': This function or variable may be unsafe. Consider using fscanf_s instead. To disable deprecation, use _CRT_SECURE_NO_WARNINGS. See online help for details.
         c:\program files (x86)\windows kits\10\include\10.0.10150.0\ucrt\stdio.h(1193): note: see declaration of 'fscanf'
     1>c:\users\freya\desktop\complabs\pa-3\pa-3\functions.c(160): warning C4098: 'print_double': 'void' function returning a value
         Generating Code...
       Link:
         C:\Program Files (x86)\Microsoft Visual Studio 14.0\VC\bin\link.exe /ERRORREPORT:PROMPT /OUT:"C:\Users\Freya\Desktop\CompLabs\PA-3\Debug\PA-3.exe" /INCREMENTAL /NOLOGO kernel32.lib user32.lib gdi32.lib winspool.lib comdlg32.lib advapi32.lib shell32.lib ole32.lib oleaut32.lib uuid.lib odbc32.lib odbccp32.lib /MANIFEST /MANIFESTUAC:"level='asInvoker' uiAccess='false'" /manifest:embed /Debug /PDB:"C:\Users\Freya\Desktop\CompLabs\PA-3\Debug\PA-3.pdb" /SUBSYSTEM:CONSOLE /TLBID:1 /DYNAMICBASE /NXCOMPAT /IMPLIB:"C:\Users\Freya\Desktop\CompLabs\PA-3\Debug\PA-3.lib" /MACHINE:X86 Debug\functions.obj
         Debug\main.obj
         PA-3.vcxproj -> C:\Users\Freya\Desktop\CompLabs\PA-3\Debug\PA-3.exe
     1>Done Building Project "C:\Users\Freya\Desktop\CompLabs\PA-3\PA-3\PA-3.vcxproj" (Build target(s)).

Build succeeded.

Time Elapsed 00:00:06.27
