Build started 7/6/2018 12:24:48 AM.
     1>Project "C:\Users\Freya\Desktop\cpts121\cpts122\PA4_(122)\PA4_(122)\PA4_(122).vcxproj" on node 2 (Build target(s)).
     1>ClCompile:
         C:\Program Files (x86)\Microsoft Visual Studio 14.0\VC\bin\CL.exe /c /ZI /nologo /W3 /WX- /Od /Oy- /D WIN32 /D _DEBUG /D _CONSOLE /D _UNICODE /D UNICODE /Gm /EHsc /RTC1 /MDd /GS /fp:precise /Zc:wchar_t /Zc:forScope /Zc:inline /Fo"Debug\\" /Fd"Debug\vc140.pdb" /Gd /TP /analyze- /errorReport:prompt FitnessAppWrapper.cpp
         FitnessAppWrapper.cpp
     1>c:\users\freya\desktop\cpts121\cpts122\pa4_(122)\pa4_(122)\fitnessappwrapper.cpp(353): warning C4996: '_sleep': This function or variable has been superceded by newer library or operating system functionality. Consider using Sleep instead. See online help for details.
         c:\program files (x86)\windows kits\10\include\10.0.10150.0\ucrt\stdlib.h(1266): note: see declaration of '_sleep'
     1>c:\users\freya\desktop\cpts121\cpts122\pa4_(122)\pa4_(122)\fitnessappwrapper.cpp(362): warning C4996: '_sleep': This function or variable has been superceded by newer library or operating system functionality. Consider using Sleep instead. See online help for details.
         c:\program files (x86)\windows kits\10\include\10.0.10150.0\ucrt\stdlib.h(1266): note: see declaration of '_sleep'
     1>c:\users\freya\desktop\cpts121\cpts122\pa4_(122)\pa4_(122)\fitnessappwrapper.cpp(372): warning C4996: '_sleep': This function or variable has been superceded by newer library or operating system functionality. Consider using Sleep instead. See online help for details.
         c:\program files (x86)\windows kits\10\include\10.0.10150.0\ucrt\stdlib.h(1266): note: see declaration of '_sleep'
     1>c:\users\freya\desktop\cpts121\cpts122\pa4_(122)\pa4_(122)\fitnessappwrapper.cpp(414): warning C4996: '_sleep': This function or variable has been superceded by newer library or operating system functionality. Consider using Sleep instead. See online help for details.
         c:\program files (x86)\windows kits\10\include\10.0.10150.0\ucrt\stdlib.h(1266): note: see declaration of '_sleep'
     1>c:\users\freya\desktop\cpts121\cpts122\pa4_(122)\pa4_(122)\fitnessappwrapper.cpp(423): warning C4996: '_sleep': This function or variable has been superceded by newer library or operating system functionality. Consider using Sleep instead. See online help for details.
         c:\program files (x86)\windows kits\10\include\10.0.10150.0\ucrt\stdlib.h(1266): note: see declaration of '_sleep'
     1>c:\users\freya\desktop\cpts121\cpts122\pa4_(122)\pa4_(122)\fitnessappwrapper.cpp(433): warning C4996: '_sleep': This function or variable has been superceded by newer library or operating system functionality. Consider using Sleep instead. See online help for details.
         c:\program files (x86)\windows kits\10\include\10.0.10150.0\ucrt\stdlib.h(1266): note: see declaration of '_sleep'
       Link:
         C:\Program Files (x86)\Microsoft Visual Studio 14.0\VC\bin\link.exe /ERRORREPORT:PROMPT /OUT:"C:\Users\Freya\Desktop\cpts121\cpts122\PA4_(122)\Debug\PA4_(122).exe" /INCREMENTAL /NOLOGO kernel32.lib user32.lib gdi32.lib winspool.lib comdlg32.lib advapi32.lib shell32.lib ole32.lib oleaut32.lib uuid.lib odbc32.lib odbccp32.lib /MANIFEST /MANIFESTUAC:"level='asInvoker' uiAccess='false'" /manifest:embed /Debug /PDB:"C:\Users\Freya\Desktop\cpts121\cpts122\PA4_(122)\Debug\PA4_(122).pdb" /SUBSYSTEM:CONSOLE /TLBID:1 /DYNAMICBASE /NXCOMPAT /IMPLIB:"C:\Users\Freya\Desktop\cpts121\cpts122\PA4_(122)\Debug\PA4_(122).lib" /MACHINE:X86 Debug\DietPlan.obj
         Debug\ExercisePlan.obj
         Debug\FitnessAppWrapper.obj
         Debug\main.obj
         PA4_(122).vcxproj -> C:\Users\Freya\Desktop\cpts121\cpts122\PA4_(122)\Debug\PA4_(122).exe
     1>Done Building Project "C:\Users\Freya\Desktop\cpts121\cpts122\PA4_(122)\PA4_(122)\PA4_(122).vcxproj" (Build target(s)).

Build succeeded.

Time Elapsed 00:00:03.54
